[2019-06-18 16:15:03] local.ERROR: {
 "error": {
  "errors": [
   {
    "domain": "global",
    "reason": "backendError",
    "message": "Backend Error"
   }
  ],
  "code": 503,
  "message": "Backend Error"
 }
}
 {"exception":"[object] (Google_Service_Exception(code: 503): {
 \"error\": {
  \"errors\": [
   {
    \"domain\": \"global\",
    \"reason\": \"backendError\",
    \"message\": \"Backend Error\"
   }
  ],
  \"code\": 503,
  \"message\": \"Backend Error\"
 }
}
 at /srv/www/htdocs/union/api/laravel/vendor/google/apiclient/src/Google/Http/REST.php:118)
[stacktrace]
#0 /srv/www/htdocs/union/api/laravel/vendor/google/apiclient/src/Google/Http/REST.php(94): Google_Http_REST::decodeHttpResponse(Object(GuzzleHttp\\Psr7\\Response), Object(GuzzleHttp\\Psr7\\Request), 'Google_Service_...')
#1 /srv/www/htdocs/union/api/laravel/vendor/google/apiclient/src/Google/Task/Runner.php(181): Google_Http_REST::doExecute(Object(GuzzleHttp\\Client), Object(GuzzleHttp\\Psr7\\Request), 'Google_Service_...')
#2 /srv/www/htdocs/union/api/laravel/vendor/google/apiclient/src/Google/Http/REST.php(58): Google_Task_Runner->run()
#3 /srv/www/htdocs/union/api/laravel/vendor/google/apiclient/src/Google/Client.php(779): Google_Http_REST::execute(Object(GuzzleHttp\\Client), Object(GuzzleHttp\\Psr7\\Request), 'Google_Service_...', Array)
#4 /srv/www/htdocs/union/api/laravel/vendor/google/apiclient/src/Google/Service/Resource.php(232): Google_Client->execute(Object(GuzzleHttp\\Psr7\\Request), 'Google_Service_...')
#5 /srv/www/htdocs/union/api/laravel/vendor/google/apiclient-services/src/Google/Service/Calendar/Resource/Events.php(271): Google_Service_Resource->call('list', Array, 'Google_Service_...')
#6 /srv/www/htdocs/union/api/laravel/app/Http/Controllers/Union/UpcomingEventController.php(30): Google_Service_Calendar_Resource_Events->listEvents('primary', Array)
#7 [internal function]: App\\Http\\Controllers\\Union\\UpcomingEventController->getList()
#8 /srv/www/htdocs/union/api/laravel/vendor/laravel/framework/src/Illuminate/Routing/Controller.php(54): call_user_func_array(Array, Array)
#9 /srv/www/htdocs/union/api/laravel/vendor/laravel/framework/src/Illuminate/Routing/ControllerDispatcher.php(45): Illuminate\\Routing\\Controller->callAction('getList', Array)
#10 /srv/www/htdocs/union/api/laravel/vendor/laravel/framework/src/Illuminate/Routing/Route.php(219): Illuminate\\Routing\\ControllerDispatcher->dispatch(Object(Illuminate\\Routing\\Route), Object(App\\Http\\Controllers\\Union\\UpcomingEventController), 'getList')
#11 /srv/www/htdocs/union/api/laravel/vendor/laravel/framework/src/Illuminate/Routing/Route.php(176): Illuminate\\Routing\\Route->runController()
#12 /srv/www/htdocs/union/api/laravel/vendor/laravel/framework/src/Illuminate/Routing/Router.php(680): Illuminate\\Routing\\Route->run()
#13 /srv/www/htdocs/union/api/laravel/vendor/laravel/framework/src/Illuminate/Routing/Pipeline.php(30): Illuminate\\Routing\\Router->Illuminate\\Routing\\{closure}(Object(Illuminate\\Http\\Request))
#14 /srv/www/htdocs/union/api/laravel/app/Http/Middleware/SuAPI.php(21): Illuminate\\Routing\\Pipeline->Illuminate\\Routing\\{closure}(Object(Illuminate\\Http\\Request))
#15 /srv/www/htdocs/union/api/laravel/vendor/laravel/framework/src/Illuminate/Pipeline/Pipeline.php(163): App\\Http\\Middleware\\SuAPI->handle(Object(Illuminate\\Http\\Request), Object(Closure))
#16 /srv/www/htdocs/union/api/laravel/vendor/laravel/framework/src/Illuminate/Routing/Pipeline.php(53): Illuminate\\Pipeline\\Pipeline->Illuminate\\Pipeline\\{closure}(Object(Illuminate\\Http\\Request))
#17 /srv/www/htdocs/union/api/laravel/vendor/laravel/framework/src/Illuminate/Routing/Middleware/SubstituteBindings.php(41): Illuminate\\Routing\\Pipeline->Illuminate\\Routing\\{closure}(Object(Illuminate\\Http\\Request))
#18 /srv/www/htdocs/union/api/laravel/vendor/laravel/framework/src/Illuminate/Pipeline/Pipeline.php(163): Illuminate\\Routing\\Middleware\\SubstituteBindings->handle(Object(Illuminate\\Http\\Request), Object(Closure))
#19 /srv/www/htdocs/union/api/laravel/vendor/laravel/framework/src/Illuminate/Routing/Pipeline.php(53): Illuminate\\Pipeline\\Pipeline->Illuminate\\Pipeline\\{closure}(Object(Illuminate\\Http\\Request))
#20 /srv/www/htdocs/union/api/laravel/vendor/laravel/framework/src/Illuminate/Pipeline/Pipeline.php(104): Illuminate\\Routing\\Pipeline->Illuminate\\Routing\\{closure}(Object(Illuminate\\Http\\Request))
#21 /srv/www/htdocs/union/api/laravel/vendor/laravel/framework/src/Illuminate/Routing/Router.php(682): Illuminate\\Pipeline\\Pipeline->then(Object(Closure))
#22 /srv/www/htdocs/union/api/laravel/vendor/laravel/framework/src/Illuminate/Routing/Router.php(657): Illuminate\\Routing\\Router->runRouteWithinStack(Object(Illuminate\\Routing\\Route), Object(Illuminate\\Http\\Request))
#23 /srv/www/htdocs/union/api/laravel/vendor/laravel/framework/src/Illuminate/Routing/Router.php(623): Illuminate\\Routing\\Router->runRoute(Object(Illuminate\\Http\\Request), Object(Illuminate\\Routing\\Route))
#24 /srv/www/htdocs/union/api/laravel/vendor/laravel/framework/src/Illuminate/Routing/Router.php(612): Illuminate\\Routing\\Router->dispatchToRoute(Object(Illuminate\\Http\\Request))
#25 /srv/www/htdocs/union/api/laravel/vendor/laravel/framework/src/Illuminate/Foundation/Http/Kernel.php(176): Illuminate\\Routing\\Router->dispatch(Object(Illuminate\\Http\\Request))
#26 /srv/www/htdocs/union/api/laravel/vendor/laravel/framework/src/Illuminate/Routing/Pipeline.php(30): Illuminate\\Foundation\\Http\\Kernel->Illuminate\\Foundation\\Http\\{closure}(Object(Illuminate\\Http\\Request))
#27 /srv/www/htdocs/union/api/laravel/vendor/fideloper/proxy/src/TrustProxies.php(57): Illuminate\\Routing\\Pipeline->Illuminate\\Routing\\{closure}(Object(Illuminate\\Http\\Request))
#28 /srv/www/htdocs/union/api/laravel/vendor/laravel/framework/src/Illuminate/Pipeline/Pipeline.php(163): Fideloper\\Proxy\\TrustProxies->handle(Object(Illuminate\\Http\\Request), Object(Closure))
#29 /srv/www/htdocs/union/api/laravel/vendor/laravel/framework/src/Illuminate/Routing/Pipeline.php(53): Illuminate\\Pipeline\\Pipeline->Illuminate\\Pipeline\\{closure}(Object(Illuminate\\Http\\Request))
#30 /srv/www/htdocs/union/api/laravel/vendor/laravel/framework/src/Illuminate/Foundation/Http/Middleware/TransformsRequest.php(21): Illuminate\\Routing\\Pipeline->Illuminate\\Routing\\{closure}(Object(Illuminate\\Http\\Request))
#31 /srv/www/htdocs/union/api/laravel/vendor/laravel/framework/src/Illuminate/Pipeline/Pipeline.php(163): Illuminate\\Foundation\\Http\\Middleware\\TransformsRequest->handle(Object(Illuminate\\Http\\Request), Object(Closure))
#32 /srv/www/htdocs/union/api/laravel/vendor/laravel/framework/src/Illuminate/Routing/Pipeline.php(53): Illuminate\\Pipeline\\Pipeline->Illuminate\\Pipeline\\{closure}(Object(Illuminate\\Http\\Request))
#33 /srv/www/htdocs/union/api/laravel/vendor/laravel/framework/src/Illuminate/Foundation/Http/Middleware/TransformsRequest.php(21): Illuminate\\Routing\\Pipeline->Illuminate\\Routing\\{closure}(Object(Illuminate\\Http\\Request))
#34 /srv/www/htdocs/union/api/laravel/vendor/laravel/framework/src/Illuminate/Pipeline/Pipeline.php(163): Illuminate\\Foundation\\Http\\Middleware\\TransformsRequest->handle(Object(Illuminate\\Http\\Request), Object(Closure))
#35 /srv/www/htdocs/union/api/laravel/vendor/laravel/framework/src/Illuminate/Routing/Pipeline.php(53): Illuminate\\Pipeline\\Pipeline->Illuminate\\Pipeline\\{closure}(Object(Illuminate\\Http\\Request))
#36 /srv/www/htdocs/union/api/laravel/vendor/laravel/framework/src/Illuminate/Foundation/Http/Middleware/ValidatePostSize.php(27): Illuminate\\Routing\\Pipeline->Illuminate\\Routing\\{closure}(Object(Illuminate\\Http\\Request))
#37 /srv/www/htdocs/union/api/laravel/vendor/laravel/framework/src/Illuminate/Pipeline/Pipeline.php(163): Illuminate\\Foundation\\Http\\Middleware\\ValidatePostSize->handle(Object(Illuminate\\Http\\Request), Object(Closure))
#38 /srv/www/htdocs/union/api/laravel/vendor/laravel/framework/src/Illuminate/Routing/Pipeline.php(53): Illuminate\\Pipeline\\Pipeline->Illuminate\\Pipeline\\{closure}(Object(Illuminate\\Http\\Request))
#39 /srv/www/htdocs/union/api/laravel/vendor/laravel/framework/src/Illuminate/Foundation/Http/Middleware/CheckForMaintenanceMode.php(62): Illuminate\\Routing\\Pipeline->Illuminate\\Routing\\{closure}(Object(Illuminate\\Http\\Request))
#40 /srv/www/htdocs/union/api/laravel/vendor/laravel/framework/src/Illuminate/Pipeline/Pipeline.php(163): Illuminate\\Foundation\\Http\\Middleware\\CheckForMaintenanceMode->handle(Object(Illuminate\\Http\\Request), Object(Closure))
#41 /srv/www/htdocs/union/api/laravel/vendor/laravel/framework/src/Illuminate/Routing/Pipeline.php(53): Illuminate\\Pipeline\\Pipeline->Illuminate\\Pipeline\\{closure}(Object(Illuminate\\Http\\Request))
#42 /srv/www/htdocs/union/api/laravel/vendor/laravel/framework/src/Illuminate/Pipeline/Pipeline.php(104): Illuminate\\Routing\\Pipeline->Illuminate\\Routing\\{closure}(Object(Illuminate\\Http\\Request))
#43 /srv/www/htdocs/union/api/laravel/vendor/laravel/framework/src/Illuminate/Foundation/Http/Kernel.php(151): Illuminate\\Pipeline\\Pipeline->then(Object(Closure))
#44 /srv/www/htdocs/union/api/laravel/vendor/laravel/framework/src/Illuminate/Foundation/Http/Kernel.php(116): Illuminate\\Foundation\\Http\\Kernel->sendRequestThroughRouter(Object(Illuminate\\Http\\Request))
#45 /srv/www/htdocs/union/api/index.php(55): Illuminate\\Foundation\\Http\\Kernel->handle(Object(Illuminate\\Http\\Request))
#46 {main}
"} 
[2019-06-18 16:22:26] local.ERROR: <html><head><meta http-equiv="content-type" content="text/html; charset=utf-8"/><title>Sorry...</title><style> body { font-family: verdana, arial, sans-serif; background-color: #fff; color: #000; }</style></head><body><div><table><tr><td><b><font face=sans-serif size=10><font color=#4285f4>G</font><font color=#ea4335>o</font><font color=#fbbc05>o</font><font color=#4285f4>g</font><font color=#34a853>l</font><font color=#ea4335>e</font></font></b></td><td style="text-align: left; vertical-align: bottom; padding-bottom: 15px; width: 50%"><div style="border-bottom: 1px solid #dfdfdf;">Sorry...</div></td></tr></table></div><div style="margin-left: 4em;"><h1>We're sorry...</h1><p>... but your computer or network may be sending automated queries. To protect our users, we can't process your request right now.</p></div><div style="margin-left: 4em;">See <a href="https://support.google.com/websearch/answer/86640">Google Help</a> for more information.<br/><br/></div><div style="text-align: center; border-top: 1px solid #dfdfdf;"><a href="https://www.google.com">Google Home</a></div></body></html> {"exception":"[object] (Google_Service_Exception(code: 429): <html><head><meta http-equiv=\"content-type\" content=\"text/html; charset=utf-8\"/><title>Sorry...</title><style> body { font-family: verdana, arial, sans-serif; background-color: #fff; color: #000; }</style></head><body><div><table><tr><td><b><font face=sans-serif size=10><font color=#4285f4>G</font><font color=#ea4335>o</font><font color=#fbbc05>o</font><font color=#4285f4>g</font><font color=#34a853>l</font><font color=#ea4335>e</font></font></b></td><td style=\"text-align: left; vertical-align: bottom; padding-bottom: 15px; width: 50%\"><div style=\"border-bottom: 1px solid #dfdfdf;\">Sorry...</div></td></tr></table></div><div style=\"margin-left: 4em;\"><h1>We're sorry...</h1><p>... but your computer or network may be sending automated queries. To protect our users, we can't process your request right now.</p></div><div style=\"margin-left: 4em;\">See <a href=\"https://support.google.com/websearch/answer/86640\">Google Help</a> for more information.<br/><br/></div><div style=\"text-align: center; border-top: 1px solid #dfdfdf;\"><a href=\"https://www.google.com\">Google Home</a></div></body></html> at /srv/www/htdocs/union/api/laravel/vendor/google/apiclient/src/Google/Http/REST.php:118)
[stacktrace]
#0 /srv/www/htdocs/union/api/laravel/vendor/google/apiclient/src/Google/Http/REST.php(94): Google_Http_REST::decodeHttpResponse(Object(GuzzleHttp\\Psr7\\Response), Object(GuzzleHttp\\Psr7\\Request), 'Google_Service_...')
#1 /srv/www/htdocs/union/api/laravel/vendor/google/apiclient/src/Google/Task/Runner.php(181): Google_Http_REST::doExecute(Object(GuzzleHttp\\Client), Object(GuzzleHttp\\Psr7\\Request), 'Google_Service_...')
#2 /srv/www/htdocs/union/api/laravel/vendor/google/apiclient/src/Google/Http/REST.php(58): Google_Task_Runner->run()
#3 /srv/www/htdocs/union/api/laravel/vendor/google/apiclient/src/Google/Client.php(779): Google_Http_REST::execute(Object(GuzzleHttp\\Client), Object(GuzzleHttp\\Psr7\\Request), 'Google_Service_...', Array)
#4 /srv/www/htdocs/union/api/laravel/vendor/google/apiclient/src/Google/Service/Resource.php(232): Google_Client->execute(Object(GuzzleHttp\\Psr7\\Request), 'Google_Service_...')
#5 /srv/www/htdocs/union/api/laravel/vendor/google/apiclient-services/src/Google/Service/Calendar/Resource/Events.php(271): Google_Service_Resource->call('list', Array, 'Google_Service_...')
#6 /srv/www/htdocs/union/api/laravel/app/Http/Controllers/Union/UpcomingEventController.php(30): Google_Service_Calendar_Resource_Events->listEvents('primary', Array)
#7 [internal function]: App\\Http\\Controllers\\Union\\UpcomingEventController->getList()
#8 /srv/www/htdocs/union/api/laravel/vendor/laravel/framework/src/Illuminate/Routing/Controller.php(54): call_user_func_array(Array, Array)
#9 /srv/www/htdocs/union/api/laravel/vendor/laravel/framework/src/Illuminate/Routing/ControllerDispatcher.php(45): Illuminate\\Routing\\Controller->callAction('getList', Array)
#10 /srv/www/htdocs/union/api/laravel/vendor/laravel/framework/src/Illuminate/Routing/Route.php(219): Illuminate\\Routing\\ControllerDispatcher->dispatch(Object(Illuminate\\Routing\\Route), Object(App\\Http\\Controllers\\Union\\UpcomingEventController), 'getList')
#11 /srv/www/htdocs/union/api/laravel/vendor/laravel/framework/src/Illuminate/Routing/Route.php(176): Illuminate\\Routing\\Route->runController()
#12 /srv/www/htdocs/union/api/laravel/vendor/laravel/framework/src/Illuminate/Routing/Router.php(680): Illuminate\\Routing\\Route->run()
#13 /srv/www/htdocs/union/api/laravel/vendor/laravel/framework/src/Illuminate/Routing/Pipeline.php(30): Illuminate\\Routing\\Router->Illuminate\\Routing\\{closure}(Object(Illuminate\\Http\\Request))
#14 /srv/www/htdocs/union/api/laravel/app/Http/Middleware/SuAPI.php(21): Illuminate\\Routing\\Pipeline->Illuminate\\Routing\\{closure}(Object(Illuminate\\Http\\Request))
#15 /srv/www/htdocs/union/api/laravel/vendor/laravel/framework/src/Illuminate/Pipeline/Pipeline.php(163): App\\Http\\Middleware\\SuAPI->handle(Object(Illuminate\\Http\\Request), Object(Closure))
#16 /srv/www/htdocs/union/api/laravel/vendor/laravel/framework/src/Illuminate/Routing/Pipeline.php(53): Illuminate\\Pipeline\\Pipeline->Illuminate\\Pipeline\\{closure}(Object(Illuminate\\Http\\Request))
#17 /srv/www/htdocs/union/api/laravel/vendor/laravel/framework/src/Illuminate/Routing/Middleware/SubstituteBindings.php(41): Illuminate\\Routing\\Pipeline->Illuminate\\Routing\\{closure}(Object(Illuminate\\Http\\Request))
#18 /srv/www/htdocs/union/api/laravel/vendor/laravel/framework/src/Illuminate/Pipeline/Pipeline.php(163): Illuminate\\Routing\\Middleware\\SubstituteBindings->handle(Object(Illuminate\\Http\\Request), Object(Closure))
#19 /srv/www/htdocs/union/api/laravel/vendor/laravel/framework/src/Illuminate/Routing/Pipeline.php(53): Illuminate\\Pipeline\\Pipeline->Illuminate\\Pipeline\\{closure}(Object(Illuminate\\Http\\Request))
#20 /srv/www/htdocs/union/api/laravel/vendor/laravel/framework/src/Illuminate/Pipeline/Pipeline.php(104): Illuminate\\Routing\\Pipeline->Illuminate\\Routing\\{closure}(Object(Illuminate\\Http\\Request))
#21 /srv/www/htdocs/union/api/laravel/vendor/laravel/framework/src/Illuminate/Routing/Router.php(682): Illuminate\\Pipeline\\Pipeline->then(Object(Closure))
#22 /srv/www/htdocs/union/api/laravel/vendor/laravel/framework/src/Illuminate/Routing/Router.php(657): Illuminate\\Routing\\Router->runRouteWithinStack(Object(Illuminate\\Routing\\Route), Object(Illuminate\\Http\\Request))
#23 /srv/www/htdocs/union/api/laravel/vendor/laravel/framework/src/Illuminate/Routing/Router.php(623): Illuminate\\Routing\\Router->runRoute(Object(Illuminate\\Http\\Request), Object(Illuminate\\Routing\\Route))
#24 /srv/www/htdocs/union/api/laravel/vendor/laravel/framework/src/Illuminate/Routing/Router.php(612): Illuminate\\Routing\\Router->dispatchToRoute(Object(Illuminate\\Http\\Request))
#25 /srv/www/htdocs/union/api/laravel/vendor/laravel/framework/src/Illuminate/Foundation/Http/Kernel.php(176): Illuminate\\Routing\\Router->dispatch(Object(Illuminate\\Http\\Request))
#26 /srv/www/htdocs/union/api/laravel/vendor/laravel/framework/src/Illuminate/Routing/Pipeline.php(30): Illuminate\\Foundation\\Http\\Kernel->Illuminate\\Foundation\\Http\\{closure}(Object(Illuminate\\Http\\Request))
#27 /srv/www/htdocs/union/api/laravel/vendor/fideloper/proxy/src/TrustProxies.php(57): Illuminate\\Routing\\Pipeline->Illuminate\\Routing\\{closure}(Object(Illuminate\\Http\\Request))
#28 /srv/www/htdocs/union/api/laravel/vendor/laravel/framework/src/Illuminate/Pipeline/Pipeline.php(163): Fideloper\\Proxy\\TrustProxies->handle(Object(Illuminate\\Http\\Request), Object(Closure))
#29 /srv/www/htdocs/union/api/laravel/vendor/laravel/framework/src/Illuminate/Routing/Pipeline.php(53): Illuminate\\Pipeline\\Pipeline->Illuminate\\Pipeline\\{closure}(Object(Illuminate\\Http\\Request))
#30 /srv/www/htdocs/union/api/laravel/vendor/laravel/framework/src/Illuminate/Foundation/Http/Middleware/TransformsRequest.php(21): Illuminate\\Routing\\Pipeline->Illuminate\\Routing\\{closure}(Object(Illuminate\\Http\\Request))
#31 /srv/www/htdocs/union/api/laravel/vendor/laravel/framework/src/Illuminate/Pipeline/Pipeline.php(163): Illuminate\\Foundation\\Http\\Middleware\\TransformsRequest->handle(Object(Illuminate\\Http\\Request), Object(Closure))
#32 /srv/www/htdocs/union/api/laravel/vendor/laravel/framework/src/Illuminate/Routing/Pipeline.php(53): Illuminate\\Pipeline\\Pipeline->Illuminate\\Pipeline\\{closure}(Object(Illuminate\\Http\\Request))
#33 /srv/www/htdocs/union/api/laravel/vendor/laravel/framework/src/Illuminate/Foundation/Http/Middleware/TransformsRequest.php(21): Illuminate\\Routing\\Pipeline->Illuminate\\Routing\\{closure}(Object(Illuminate\\Http\\Request))
#34 /srv/www/htdocs/union/api/laravel/vendor/laravel/framework/src/Illuminate/Pipeline/Pipeline.php(163): Illuminate\\Foundation\\Http\\Middleware\\TransformsRequest->handle(Object(Illuminate\\Http\\Request), Object(Closure))
#35 /srv/www/htdocs/union/api/laravel/vendor/laravel/framework/src/Illuminate/Routing/Pipeline.php(53): Illuminate\\Pipeline\\Pipeline->Illuminate\\Pipeline\\{closure}(Object(Illuminate\\Http\\Request))
#36 /srv/www/htdocs/union/api/laravel/vendor/laravel/framework/src/Illuminate/Foundation/Http/Middleware/ValidatePostSize.php(27): Illuminate\\Routing\\Pipeline->Illuminate\\Routing\\{closure}(Object(Illuminate\\Http\\Request))
#37 /srv/www/htdocs/union/api/laravel/vendor/laravel/framework/src/Illuminate/Pipeline/Pipeline.php(163): Illuminate\\Foundation\\Http\\Middleware\\ValidatePostSize->handle(Object(Illuminate\\Http\\Request), Object(Closure))
#38 /srv/www/htdocs/union/api/laravel/vendor/laravel/framework/src/Illuminate/Routing/Pipeline.php(53): Illuminate\\Pipeline\\Pipeline->Illuminate\\Pipeline\\{closure}(Object(Illuminate\\Http\\Request))
#39 /srv/www/htdocs/union/api/laravel/vendor/laravel/framework/src/Illuminate/Foundation/Http/Middleware/CheckForMaintenanceMode.php(62): Illuminate\\Routing\\Pipeline->Illuminate\\Routing\\{closure}(Object(Illuminate\\Http\\Request))
#40 /srv/www/htdocs/union/api/laravel/vendor/laravel/framework/src/Illuminate/Pipeline/Pipeline.php(163): Illuminate\\Foundation\\Http\\Middleware\\CheckForMaintenanceMode->handle(Object(Illuminate\\Http\\Request), Object(Closure))
#41 /srv/www/htdocs/union/api/laravel/vendor/laravel/framework/src/Illuminate/Routing/Pipeline.php(53): Illuminate\\Pipeline\\Pipeline->Illuminate\\Pipeline\\{closure}(Object(Illuminate\\Http\\Request))
#42 /srv/www/htdocs/union/api/laravel/vendor/laravel/framework/src/Illuminate/Pipeline/Pipeline.php(104): Illuminate\\Routing\\Pipeline->Illuminate\\Routing\\{closure}(Object(Illuminate\\Http\\Request))
#43 /srv/www/htdocs/union/api/laravel/vendor/laravel/framework/src/Illuminate/Foundation/Http/Kernel.php(151): Illuminate\\Pipeline\\Pipeline->then(Object(Closure))
#44 /srv/www/htdocs/union/api/laravel/vendor/laravel/framework/src/Illuminate/Foundation/Http/Kernel.php(116): Illuminate\\Foundation\\Http\\Kernel->sendRequestThroughRouter(Object(Illuminate\\Http\\Request))
#45 /srv/www/htdocs/union/api/index.php(55): Illuminate\\Foundation\\Http\\Kernel->handle(Object(Illuminate\\Http\\Request))
#46 {main}
"} 
[2019-06-18 16:26:17] local.ERROR: <html><head><meta http-equiv="content-type" content="text/html; charset=utf-8"/><title>Sorry...</title><style> body { font-family: verdana, arial, sans-serif; background-color: #fff; color: #000; }</style></head><body><div><table><tr><td><b><font face=sans-serif size=10><font color=#4285f4>G</font><font color=#ea4335>o</font><font color=#fbbc05>o</font><font color=#4285f4>g</font><font color=#34a853>l</font><font color=#ea4335>e</font></font></b></td><td style="text-align: left; vertical-align: bottom; padding-bottom: 15px; width: 50%"><div style="border-bottom: 1px solid #dfdfdf;">Sorry...</div></td></tr></table></div><div style="margin-left: 4em;"><h1>We're sorry...</h1><p>... but your computer or network may be sending automated queries. To protect our users, we can't process your request right now.</p></div><div style="margin-left: 4em;">See <a href="https://support.google.com/websearch/answer/86640">Google Help</a> for more information.<br/><br/></div><div style="text-align: center; border-top: 1px solid #dfdfdf;"><a href="https://www.google.com">Google Home</a></div></body></html> {"exception":"[object] (Google_Service_Exception(code: 429): <html><head><meta http-equiv=\"content-type\" content=\"text/html; charset=utf-8\"/><title>Sorry...</title><style> body { font-family: verdana, arial, sans-serif; background-color: #fff; color: #000; }</style></head><body><div><table><tr><td><b><font face=sans-serif size=10><font color=#4285f4>G</font><font color=#ea4335>o</font><font color=#fbbc05>o</font><font color=#4285f4>g</font><font color=#34a853>l</font><font color=#ea4335>e</font></font></b></td><td style=\"text-align: left; vertical-align: bottom; padding-bottom: 15px; width: 50%\"><div style=\"border-bottom: 1px solid #dfdfdf;\">Sorry...</div></td></tr></table></div><div style=\"margin-left: 4em;\"><h1>We're sorry...</h1><p>... but your computer or network may be sending automated queries. To protect our users, we can't process your request right now.</p></div><div style=\"margin-left: 4em;\">See <a href=\"https://support.google.com/websearch/answer/86640\">Google Help</a> for more information.<br/><br/></div><div style=\"text-align: center; border-top: 1px solid #dfdfdf;\"><a href=\"https://www.google.com\">Google Home</a></div></body></html> at /srv/www/htdocs/union/api/laravel/vendor/google/apiclient/src/Google/Http/REST.php:118)
[stacktrace]
#0 /srv/www/htdocs/union/api/laravel/vendor/google/apiclient/src/Google/Http/REST.php(94): Google_Http_REST::decodeHttpResponse(Object(GuzzleHttp\\Psr7\\Response), Object(GuzzleHttp\\Psr7\\Request), 'Google_Service_...')
#1 /srv/www/htdocs/union/api/laravel/vendor/google/apiclient/src/Google/Task/Runner.php(181): Google_Http_REST::doExecute(Object(GuzzleHttp\\Client), Object(GuzzleHttp\\Psr7\\Request), 'Google_Service_...')
#2 /srv/www/htdocs/union/api/laravel/vendor/google/apiclient/src/Google/Http/REST.php(58): Google_Task_Runner->run()
#3 /srv/www/htdocs/union/api/laravel/vendor/google/apiclient/src/Google/Client.php(779): Google_Http_REST::execute(Object(GuzzleHttp\\Client), Object(GuzzleHttp\\Psr7\\Request), 'Google_Service_...', Array)
#4 /srv/www/htdocs/union/api/laravel/vendor/google/apiclient/src/Google/Service/Resource.php(232): Google_Client->execute(Object(GuzzleHttp\\Psr7\\Request), 'Google_Service_...')
#5 /srv/www/htdocs/union/api/laravel/vendor/google/apiclient-services/src/Google/Service/Calendar/Resource/Events.php(271): Google_Service_Resource->call('list', Array, 'Google_Service_...')
#6 /srv/www/htdocs/union/api/laravel/app/Http/Controllers/Union/UpcomingEventController.php(30): Google_Service_Calendar_Resource_Events->listEvents('primary', Array)
#7 [internal function]: App\\Http\\Controllers\\Union\\UpcomingEventController->getList()
#8 /srv/www/htdocs/union/api/laravel/vendor/laravel/framework/src/Illuminate/Routing/Controller.php(54): call_user_func_array(Array, Array)
#9 /srv/www/htdocs/union/api/laravel/vendor/laravel/framework/src/Illuminate/Routing/ControllerDispatcher.php(45): Illuminate\\Routing\\Controller->callAction('getList', Array)
#10 /srv/www/htdocs/union/api/laravel/vendor/laravel/framework/src/Illuminate/Routing/Route.php(219): Illuminate\\Routing\\ControllerDispatcher->dispatch(Object(Illuminate\\Routing\\Route), Object(App\\Http\\Controllers\\Union\\UpcomingEventController), 'getList')
#11 /srv/www/htdocs/union/api/laravel/vendor/laravel/framework/src/Illuminate/Routing/Route.php(176): Illuminate\\Routing\\Route->runController()
#12 /srv/www/htdocs/union/api/laravel/vendor/laravel/framework/src/Illuminate/Routing/Router.php(680): Illuminate\\Routing\\Route->run()
#13 /srv/www/htdocs/union/api/laravel/vendor/laravel/framework/src/Illuminate/Routing/Pipeline.php(30): Illuminate\\Routing\\Router->Illuminate\\Routing\\{closure}(Object(Illuminate\\Http\\Request))
#14 /srv/www/htdocs/union/api/laravel/app/Http/Middleware/SuAPI.php(21): Illuminate\\Routing\\Pipeline->Illuminate\\Routing\\{closure}(Object(Illuminate\\Http\\Request))
#15 /srv/www/htdocs/union/api/laravel/vendor/laravel/framework/src/Illuminate/Pipeline/Pipeline.php(163): App\\Http\\Middleware\\SuAPI->handle(Object(Illuminate\\Http\\Request), Object(Closure))
#16 /srv/www/htdocs/union/api/laravel/vendor/laravel/framework/src/Illuminate/Routing/Pipeline.php(53): Illuminate\\Pipeline\\Pipeline->Illuminate\\Pipeline\\{closure}(Object(Illuminate\\Http\\Request))
#17 /srv/www/htdocs/union/api/laravel/vendor/laravel/framework/src/Illuminate/Routing/Middleware/SubstituteBindings.php(41): Illuminate\\Routing\\Pipeline->Illuminate\\Routing\\{closure}(Object(Illuminate\\Http\\Request))
#18 /srv/www/htdocs/union/api/laravel/vendor/laravel/framework/src/Illuminate/Pipeline/Pipeline.php(163): Illuminate\\Routing\\Middleware\\SubstituteBindings->handle(Object(Illuminate\\Http\\Request), Object(Closure))
#19 /srv/www/htdocs/union/api/laravel/vendor/laravel/framework/src/Illuminate/Routing/Pipeline.php(53): Illuminate\\Pipeline\\Pipeline->Illuminate\\Pipeline\\{closure}(Object(Illuminate\\Http\\Request))
#20 /srv/www/htdocs/union/api/laravel/vendor/laravel/framework/src/Illuminate/Pipeline/Pipeline.php(104): Illuminate\\Routing\\Pipeline->Illuminate\\Routing\\{closure}(Object(Illuminate\\Http\\Request))
#21 /srv/www/htdocs/union/api/laravel/vendor/laravel/framework/src/Illuminate/Routing/Router.php(682): Illuminate\\Pipeline\\Pipeline->then(Object(Closure))
#22 /srv/www/htdocs/union/api/laravel/vendor/laravel/framework/src/Illuminate/Routing/Router.php(657): Illuminate\\Routing\\Router->runRouteWithinStack(Object(Illuminate\\Routing\\Route), Object(Illuminate\\Http\\Request))
#23 /srv/www/htdocs/union/api/laravel/vendor/laravel/framework/src/Illuminate/Routing/Router.php(623): Illuminate\\Routing\\Router->runRoute(Object(Illuminate\\Http\\Request), Object(Illuminate\\Routing\\Route))
#24 /srv/www/htdocs/union/api/laravel/vendor/laravel/framework/src/Illuminate/Routing/Router.php(612): Illuminate\\Routing\\Router->dispatchToRoute(Object(Illuminate\\Http\\Request))
#25 /srv/www/htdocs/union/api/laravel/vendor/laravel/framework/src/Illuminate/Foundation/Http/Kernel.php(176): Illuminate\\Routing\\Router->dispatch(Object(Illuminate\\Http\\Request))
#26 /srv/www/htdocs/union/api/laravel/vendor/laravel/framework/src/Illuminate/Routing/Pipeline.php(30): Illuminate\\Foundation\\Http\\Kernel->Illuminate\\Foundation\\Http\\{closure}(Object(Illuminate\\Http\\Request))
#27 /srv/www/htdocs/union/api/laravel/vendor/fideloper/proxy/src/TrustProxies.php(57): Illuminate\\Routing\\Pipeline->Illuminate\\Routing\\{closure}(Object(Illuminate\\Http\\Request))
#28 /srv/www/htdocs/union/api/laravel/vendor/laravel/framework/src/Illuminate/Pipeline/Pipeline.php(163): Fideloper\\Proxy\\TrustProxies->handle(Object(Illuminate\\Http\\Request), Object(Closure))
#29 /srv/www/htdocs/union/api/laravel/vendor/laravel/framework/src/Illuminate/Routing/Pipeline.php(53): Illuminate\\Pipeline\\Pipeline->Illuminate\\Pipeline\\{closure}(Object(Illuminate\\Http\\Request))
#30 /srv/www/htdocs/union/api/laravel/vendor/laravel/framework/src/Illuminate/Foundation/Http/Middleware/TransformsRequest.php(21): Illuminate\\Routing\\Pipeline->Illuminate\\Routing\\{closure}(Object(Illuminate\\Http\\Request))
#31 /srv/www/htdocs/union/api/laravel/vendor/laravel/framework/src/Illuminate/Pipeline/Pipeline.php(163): Illuminate\\Foundation\\Http\\Middleware\\TransformsRequest->handle(Object(Illuminate\\Http\\Request), Object(Closure))
#32 /srv/www/htdocs/union/api/laravel/vendor/laravel/framework/src/Illuminate/Routing/Pipeline.php(53): Illuminate\\Pipeline\\Pipeline->Illuminate\\Pipeline\\{closure}(Object(Illuminate\\Http\\Request))
#33 /srv/www/htdocs/union/api/laravel/vendor/laravel/framework/src/Illuminate/Foundation/Http/Middleware/TransformsRequest.php(21): Illuminate\\Routing\\Pipeline->Illuminate\\Routing\\{closure}(Object(Illuminate\\Http\\Request))
#34 /srv/www/htdocs/union/api/laravel/vendor/laravel/framework/src/Illuminate/Pipeline/Pipeline.php(163): Illuminate\\Foundation\\Http\\Middleware\\TransformsRequest->handle(Object(Illuminate\\Http\\Request), Object(Closure))
#35 /srv/www/htdocs/union/api/laravel/vendor/laravel/framework/src/Illuminate/Routing/Pipeline.php(53): Illuminate\\Pipeline\\Pipeline->Illuminate\\Pipeline\\{closure}(Object(Illuminate\\Http\\Request))
#36 /srv/www/htdocs/union/api/laravel/vendor/laravel/framework/src/Illuminate/Foundation/Http/Middleware/ValidatePostSize.php(27): Illuminate\\Routing\\Pipeline->Illuminate\\Routing\\{closure}(Object(Illuminate\\Http\\Request))
#37 /srv/www/htdocs/union/api/laravel/vendor/laravel/framework/src/Illuminate/Pipeline/Pipeline.php(163): Illuminate\\Foundation\\Http\\Middleware\\ValidatePostSize->handle(Object(Illuminate\\Http\\Request), Object(Closure))
#38 /srv/www/htdocs/union/api/laravel/vendor/laravel/framework/src/Illuminate/Routing/Pipeline.php(53): Illuminate\\Pipeline\\Pipeline->Illuminate\\Pipeline\\{closure}(Object(Illuminate\\Http\\Request))
#39 /srv/www/htdocs/union/api/laravel/vendor/laravel/framework/src/Illuminate/Foundation/Http/Middleware/CheckForMaintenanceMode.php(62): Illuminate\\Routing\\Pipeline->Illuminate\\Routing\\{closure}(Object(Illuminate\\Http\\Request))
#40 /srv/www/htdocs/union/api/laravel/vendor/laravel/framework/src/Illuminate/Pipeline/Pipeline.php(163): Illuminate\\Foundation\\Http\\Middleware\\CheckForMaintenanceMode->handle(Object(Illuminate\\Http\\Request), Object(Closure))
#41 /srv/www/htdocs/union/api/laravel/vendor/laravel/framework/src/Illuminate/Routing/Pipeline.php(53): Illuminate\\Pipeline\\Pipeline->Illuminate\\Pipeline\\{closure}(Object(Illuminate\\Http\\Request))
#42 /srv/www/htdocs/union/api/laravel/vendor/laravel/framework/src/Illuminate/Pipeline/Pipeline.php(104): Illuminate\\Routing\\Pipeline->Illuminate\\Routing\\{closure}(Object(Illuminate\\Http\\Request))
#43 /srv/www/htdocs/union/api/laravel/vendor/laravel/framework/src/Illuminate/Foundation/Http/Kernel.php(151): Illuminate\\Pipeline\\Pipeline->then(Object(Closure))
#44 /srv/www/htdocs/union/api/laravel/vendor/laravel/framework/src/Illuminate/Foundation/Http/Kernel.php(116): Illuminate\\Foundation\\Http\\Kernel->sendRequestThroughRouter(Object(Illuminate\\Http\\Request))
#45 /srv/www/htdocs/union/api/index.php(55): Illuminate\\Foundation\\Http\\Kernel->handle(Object(Illuminate\\Http\\Request))
#46 {main}
"} 
