[2019-04-24 22:59:27] local.ERROR: Database [su] not configured. {"exception":"[object] (InvalidArgumentException(code: 0): Database [su] not configured. at /srv/www/htdocs/union/api/laravel/vendor/laravel/framework/src/Illuminate/Database/DatabaseManager.php:151)
[stacktrace]
#0 /srv/www/htdocs/union/api/laravel/vendor/laravel/framework/src/Illuminate/Database/DatabaseManager.php(114): Illuminate\\Database\\DatabaseManager->configuration('su')
#1 /srv/www/htdocs/union/api/laravel/vendor/laravel/framework/src/Illuminate/Database/DatabaseManager.php(85): Illuminate\\Database\\DatabaseManager->makeConnection('su')
#2 /srv/www/htdocs/union/api/laravel/vendor/laravel/framework/src/Illuminate/Database/Eloquent/Model.php(1249): Illuminate\\Database\\DatabaseManager->connection('su')
#3 /srv/www/htdocs/union/api/laravel/vendor/laravel/framework/src/Illuminate/Database/Eloquent/Model.php(1215): Illuminate\\Database\\Eloquent\\Model::resolveConnection('su')
#4 /srv/www/htdocs/union/api/laravel/vendor/laravel/framework/src/Illuminate/Database/Eloquent/Model.php(1047): Illuminate\\Database\\Eloquent\\Model->getConnection()
#5 /srv/www/htdocs/union/api/laravel/vendor/laravel/framework/src/Illuminate/Database/Eloquent/Model.php(964): Illuminate\\Database\\Eloquent\\Model->newBaseQueryBuilder()
#6 /srv/www/htdocs/union/api/laravel/vendor/laravel/framework/src/Illuminate/Database/Eloquent/Model.php(1000): Illuminate\\Database\\Eloquent\\Model->newModelQuery()
#7 /srv/www/htdocs/union/api/laravel/vendor/laravel/framework/src/Illuminate/Database/Eloquent/Model.php(953): Illuminate\\Database\\Eloquent\\Model->newQueryWithoutScopes()
#8 /srv/www/htdocs/union/api/laravel/vendor/laravel/framework/src/Illuminate/Database/Eloquent/Model.php(1616): Illuminate\\Database\\Eloquent\\Model->newQuery()
#9 /srv/www/htdocs/union/api/laravel/app/Model/SU/Restaurants.php(15): Illuminate\\Database\\Eloquent\\Model->__call('select', Array)
#10 /srv/www/htdocs/union/api/laravel/app/Http/Controllers/Union/RestaurantController.php(33): App\\Model\\SU\\Restaurants->getRestaurant(24)
#11 [internal function]: App\\Http\\Controllers\\Union\\RestaurantController->getRestaurantDetail(Object(Illuminate\\Http\\Request))
#12 /srv/www/htdocs/union/api/laravel/vendor/laravel/framework/src/Illuminate/Routing/Controller.php(54): call_user_func_array(Array, Array)
#13 /srv/www/htdocs/union/api/laravel/vendor/laravel/framework/src/Illuminate/Routing/ControllerDispatcher.php(45): Illuminate\\Routing\\Controller->callAction('getRestaurantDe...', Array)
#14 /srv/www/htdocs/union/api/laravel/vendor/laravel/framework/src/Illuminate/Routing/Route.php(219): Illuminate\\Routing\\ControllerDispatcher->dispatch(Object(Illuminate\\Routing\\Route), Object(App\\Http\\Controllers\\Union\\RestaurantController), 'getRestaurantDe...')
#15 /srv/www/htdocs/union/api/laravel/vendor/laravel/framework/src/Illuminate/Routing/Route.php(176): Illuminate\\Routing\\Route->runController()
#16 /srv/www/htdocs/union/api/laravel/vendor/laravel/framework/src/Illuminate/Routing/Router.php(680): Illuminate\\Routing\\Route->run()
#17 /srv/www/htdocs/union/api/laravel/vendor/laravel/framework/src/Illuminate/Routing/Pipeline.php(30): Illuminate\\Routing\\Router->Illuminate\\Routing\\{closure}(Object(Illuminate\\Http\\Request))
#18 /srv/www/htdocs/union/api/laravel/vendor/laravel/framework/src/Illuminate/Routing/Middleware/SubstituteBindings.php(41): Illuminate\\Routing\\Pipeline->Illuminate\\Routing\\{closure}(Object(Illuminate\\Http\\Request))
#19 /srv/www/htdocs/union/api/laravel/vendor/laravel/framework/src/Illuminate/Pipeline/Pipeline.php(163): Illuminate\\Routing\\Middleware\\SubstituteBindings->handle(Object(Illuminate\\Http\\Request), Object(Closure))
#20 /srv/www/htdocs/union/api/laravel/vendor/laravel/framework/src/Illuminate/Routing/Pipeline.php(53): Illuminate\\Pipeline\\Pipeline->Illuminate\\Pipeline\\{closure}(Object(Illuminate\\Http\\Request))
#21 /srv/www/htdocs/union/api/laravel/vendor/laravel/framework/src/Illuminate/Routing/Middleware/ThrottleRequests.php(58): Illuminate\\Routing\\Pipeline->Illuminate\\Routing\\{closure}(Object(Illuminate\\Http\\Request))
#22 /srv/www/htdocs/union/api/laravel/vendor/laravel/framework/src/Illuminate/Pipeline/Pipeline.php(163): Illuminate\\Routing\\Middleware\\ThrottleRequests->handle(Object(Illuminate\\Http\\Request), Object(Closure), 60, '1')
#23 /srv/www/htdocs/union/api/laravel/vendor/laravel/framework/src/Illuminate/Routing/Pipeline.php(53): Illuminate\\Pipeline\\Pipeline->Illuminate\\Pipeline\\{closure}(Object(Illuminate\\Http\\Request))
#24 /srv/www/htdocs/union/api/laravel/vendor/laravel/framework/src/Illuminate/Pipeline/Pipeline.php(104): Illuminate\\Routing\\Pipeline->Illuminate\\Routing\\{closure}(Object(Illuminate\\Http\\Request))
#25 /srv/www/htdocs/union/api/laravel/vendor/laravel/framework/src/Illuminate/Routing/Router.php(682): Illuminate\\Pipeline\\Pipeline->then(Object(Closure))
#26 /srv/www/htdocs/union/api/laravel/vendor/laravel/framework/src/Illuminate/Routing/Router.php(657): Illuminate\\Routing\\Router->runRouteWithinStack(Object(Illuminate\\Routing\\Route), Object(Illuminate\\Http\\Request))
#27 /srv/www/htdocs/union/api/laravel/vendor/laravel/framework/src/Illuminate/Routing/Router.php(623): Illuminate\\Routing\\Router->runRoute(Object(Illuminate\\Http\\Request), Object(Illuminate\\Routing\\Route))
#28 /srv/www/htdocs/union/api/laravel/vendor/laravel/framework/src/Illuminate/Routing/Router.php(612): Illuminate\\Routing\\Router->dispatchToRoute(Object(Illuminate\\Http\\Request))
#29 /srv/www/htdocs/union/api/laravel/vendor/laravel/framework/src/Illuminate/Foundation/Http/Kernel.php(176): Illuminate\\Routing\\Router->dispatch(Object(Illuminate\\Http\\Request))
#30 /srv/www/htdocs/union/api/laravel/vendor/laravel/framework/src/Illuminate/Routing/Pipeline.php(30): Illuminate\\Foundation\\Http\\Kernel->Illuminate\\Foundation\\Http\\{closure}(Object(Illuminate\\Http\\Request))
#31 /srv/www/htdocs/union/api/laravel/vendor/fideloper/proxy/src/TrustProxies.php(57): Illuminate\\Routing\\Pipeline->Illuminate\\Routing\\{closure}(Object(Illuminate\\Http\\Request))
#32 /srv/www/htdocs/union/api/laravel/vendor/laravel/framework/src/Illuminate/Pipeline/Pipeline.php(163): Fideloper\\Proxy\\TrustProxies->handle(Object(Illuminate\\Http\\Request), Object(Closure))
#33 /srv/www/htdocs/union/api/laravel/vendor/laravel/framework/src/Illuminate/Routing/Pipeline.php(53): Illuminate\\Pipeline\\Pipeline->Illuminate\\Pipeline\\{closure}(Object(Illuminate\\Http\\Request))
#34 /srv/www/htdocs/union/api/laravel/vendor/laravel/framework/src/Illuminate/Foundation/Http/Middleware/TransformsRequest.php(21): Illuminate\\Routing\\Pipeline->Illuminate\\Routing\\{closure}(Object(Illuminate\\Http\\Request))
#35 /srv/www/htdocs/union/api/laravel/vendor/laravel/framework/src/Illuminate/Pipeline/Pipeline.php(163): Illuminate\\Foundation\\Http\\Middleware\\TransformsRequest->handle(Object(Illuminate\\Http\\Request), Object(Closure))
#36 /srv/www/htdocs/union/api/laravel/vendor/laravel/framework/src/Illuminate/Routing/Pipeline.php(53): Illuminate\\Pipeline\\Pipeline->Illuminate\\Pipeline\\{closure}(Object(Illuminate\\Http\\Request))
#37 /srv/www/htdocs/union/api/laravel/vendor/laravel/framework/src/Illuminate/Foundation/Http/Middleware/TransformsRequest.php(21): Illuminate\\Routing\\Pipeline->Illuminate\\Routing\\{closure}(Object(Illuminate\\Http\\Request))
#38 /srv/www/htdocs/union/api/laravel/vendor/laravel/framework/src/Illuminate/Pipeline/Pipeline.php(163): Illuminate\\Foundation\\Http\\Middleware\\TransformsRequest->handle(Object(Illuminate\\Http\\Request), Object(Closure))
#39 /srv/www/htdocs/union/api/laravel/vendor/laravel/framework/src/Illuminate/Routing/Pipeline.php(53): Illuminate\\Pipeline\\Pipeline->Illuminate\\Pipeline\\{closure}(Object(Illuminate\\Http\\Request))
#40 /srv/www/htdocs/union/api/laravel/vendor/laravel/framework/src/Illuminate/Foundation/Http/Middleware/ValidatePostSize.php(27): Illuminate\\Routing\\Pipeline->Illuminate\\Routing\\{closure}(Object(Illuminate\\Http\\Request))
#41 /srv/www/htdocs/union/api/laravel/vendor/laravel/framework/src/Illuminate/Pipeline/Pipeline.php(163): Illuminate\\Foundation\\Http\\Middleware\\ValidatePostSize->handle(Object(Illuminate\\Http\\Request), Object(Closure))
#42 /srv/www/htdocs/union/api/laravel/vendor/laravel/framework/src/Illuminate/Routing/Pipeline.php(53): Illuminate\\Pipeline\\Pipeline->Illuminate\\Pipeline\\{closure}(Object(Illuminate\\Http\\Request))
#43 /srv/www/htdocs/union/api/laravel/vendor/laravel/framework/src/Illuminate/Foundation/Http/Middleware/CheckForMaintenanceMode.php(62): Illuminate\\Routing\\Pipeline->Illuminate\\Routing\\{closure}(Object(Illuminate\\Http\\Request))
#44 /srv/www/htdocs/union/api/laravel/vendor/laravel/framework/src/Illuminate/Pipeline/Pipeline.php(163): Illuminate\\Foundation\\Http\\Middleware\\CheckForMaintenanceMode->handle(Object(Illuminate\\Http\\Request), Object(Closure))
#45 /srv/www/htdocs/union/api/laravel/vendor/laravel/framework/src/Illuminate/Routing/Pipeline.php(53): Illuminate\\Pipeline\\Pipeline->Illuminate\\Pipeline\\{closure}(Object(Illuminate\\Http\\Request))
#46 /srv/www/htdocs/union/api/laravel/vendor/laravel/framework/src/Illuminate/Pipeline/Pipeline.php(104): Illuminate\\Routing\\Pipeline->Illuminate\\Routing\\{closure}(Object(Illuminate\\Http\\Request))
#47 /srv/www/htdocs/union/api/laravel/vendor/laravel/framework/src/Illuminate/Foundation/Http/Kernel.php(151): Illuminate\\Pipeline\\Pipeline->then(Object(Closure))
#48 /srv/www/htdocs/union/api/laravel/vendor/laravel/framework/src/Illuminate/Foundation/Http/Kernel.php(116): Illuminate\\Foundation\\Http\\Kernel->sendRequestThroughRouter(Object(Illuminate\\Http\\Request))
#49 /srv/www/htdocs/union/api/index.php(55): Illuminate\\Foundation\\Http\\Kernel->handle(Object(Illuminate\\Http\\Request))
#50 {main}
"} 
[2019-04-24 23:00:36] local.ERROR: Database [su] not configured. {"exception":"[object] (InvalidArgumentException(code: 0): Database [su] not configured. at /srv/www/htdocs/union/api/laravel/vendor/laravel/framework/src/Illuminate/Database/DatabaseManager.php:151)
[stacktrace]
#0 /srv/www/htdocs/union/api/laravel/vendor/laravel/framework/src/Illuminate/Database/DatabaseManager.php(114): Illuminate\\Database\\DatabaseManager->configuration('su')
#1 /srv/www/htdocs/union/api/laravel/vendor/laravel/framework/src/Illuminate/Database/DatabaseManager.php(85): Illuminate\\Database\\DatabaseManager->makeConnection('su')
#2 /srv/www/htdocs/union/api/laravel/vendor/laravel/framework/src/Illuminate/Database/Eloquent/Model.php(1249): Illuminate\\Database\\DatabaseManager->connection('su')
#3 /srv/www/htdocs/union/api/laravel/vendor/laravel/framework/src/Illuminate/Database/Eloquent/Model.php(1215): Illuminate\\Database\\Eloquent\\Model::resolveConnection('su')
#4 /srv/www/htdocs/union/api/laravel/vendor/laravel/framework/src/Illuminate/Database/Eloquent/Model.php(1047): Illuminate\\Database\\Eloquent\\Model->getConnection()
#5 /srv/www/htdocs/union/api/laravel/vendor/laravel/framework/src/Illuminate/Database/Eloquent/Model.php(964): Illuminate\\Database\\Eloquent\\Model->newBaseQueryBuilder()
#6 /srv/www/htdocs/union/api/laravel/vendor/laravel/framework/src/Illuminate/Database/Eloquent/Model.php(1000): Illuminate\\Database\\Eloquent\\Model->newModelQuery()
#7 /srv/www/htdocs/union/api/laravel/vendor/laravel/framework/src/Illuminate/Database/Eloquent/Model.php(953): Illuminate\\Database\\Eloquent\\Model->newQueryWithoutScopes()
#8 /srv/www/htdocs/union/api/laravel/vendor/laravel/framework/src/Illuminate/Database/Eloquent/Model.php(1616): Illuminate\\Database\\Eloquent\\Model->newQuery()
#9 /srv/www/htdocs/union/api/laravel/app/Model/SU/Restaurants.php(15): Illuminate\\Database\\Eloquent\\Model->__call('select', Array)
#10 /srv/www/htdocs/union/api/laravel/app/Http/Controllers/Union/RestaurantController.php(33): App\\Model\\SU\\Restaurants->getRestaurant(24)
#11 [internal function]: App\\Http\\Controllers\\Union\\RestaurantController->getRestaurantDetail(Object(Illuminate\\Http\\Request))
#12 /srv/www/htdocs/union/api/laravel/vendor/laravel/framework/src/Illuminate/Routing/Controller.php(54): call_user_func_array(Array, Array)
#13 /srv/www/htdocs/union/api/laravel/vendor/laravel/framework/src/Illuminate/Routing/ControllerDispatcher.php(45): Illuminate\\Routing\\Controller->callAction('getRestaurantDe...', Array)
#14 /srv/www/htdocs/union/api/laravel/vendor/laravel/framework/src/Illuminate/Routing/Route.php(219): Illuminate\\Routing\\ControllerDispatcher->dispatch(Object(Illuminate\\Routing\\Route), Object(App\\Http\\Controllers\\Union\\RestaurantController), 'getRestaurantDe...')
#15 /srv/www/htdocs/union/api/laravel/vendor/laravel/framework/src/Illuminate/Routing/Route.php(176): Illuminate\\Routing\\Route->runController()
#16 /srv/www/htdocs/union/api/laravel/vendor/laravel/framework/src/Illuminate/Routing/Router.php(680): Illuminate\\Routing\\Route->run()
#17 /srv/www/htdocs/union/api/laravel/vendor/laravel/framework/src/Illuminate/Routing/Pipeline.php(30): Illuminate\\Routing\\Router->Illuminate\\Routing\\{closure}(Object(Illuminate\\Http\\Request))
#18 /srv/www/htdocs/union/api/laravel/vendor/laravel/framework/src/Illuminate/Routing/Middleware/SubstituteBindings.php(41): Illuminate\\Routing\\Pipeline->Illuminate\\Routing\\{closure}(Object(Illuminate\\Http\\Request))
#19 /srv/www/htdocs/union/api/laravel/vendor/laravel/framework/src/Illuminate/Pipeline/Pipeline.php(163): Illuminate\\Routing\\Middleware\\SubstituteBindings->handle(Object(Illuminate\\Http\\Request), Object(Closure))
#20 /srv/www/htdocs/union/api/laravel/vendor/laravel/framework/src/Illuminate/Routing/Pipeline.php(53): Illuminate\\Pipeline\\Pipeline->Illuminate\\Pipeline\\{closure}(Object(Illuminate\\Http\\Request))
#21 /srv/www/htdocs/union/api/laravel/vendor/laravel/framework/src/Illuminate/Routing/Middleware/ThrottleRequests.php(58): Illuminate\\Routing\\Pipeline->Illuminate\\Routing\\{closure}(Object(Illuminate\\Http\\Request))
#22 /srv/www/htdocs/union/api/laravel/vendor/laravel/framework/src/Illuminate/Pipeline/Pipeline.php(163): Illuminate\\Routing\\Middleware\\ThrottleRequests->handle(Object(Illuminate\\Http\\Request), Object(Closure), 60, '1')
#23 /srv/www/htdocs/union/api/laravel/vendor/laravel/framework/src/Illuminate/Routing/Pipeline.php(53): Illuminate\\Pipeline\\Pipeline->Illuminate\\Pipeline\\{closure}(Object(Illuminate\\Http\\Request))
#24 /srv/www/htdocs/union/api/laravel/vendor/laravel/framework/src/Illuminate/Pipeline/Pipeline.php(104): Illuminate\\Routing\\Pipeline->Illuminate\\Routing\\{closure}(Object(Illuminate\\Http\\Request))
#25 /srv/www/htdocs/union/api/laravel/vendor/laravel/framework/src/Illuminate/Routing/Router.php(682): Illuminate\\Pipeline\\Pipeline->then(Object(Closure))
#26 /srv/www/htdocs/union/api/laravel/vendor/laravel/framework/src/Illuminate/Routing/Router.php(657): Illuminate\\Routing\\Router->runRouteWithinStack(Object(Illuminate\\Routing\\Route), Object(Illuminate\\Http\\Request))
#27 /srv/www/htdocs/union/api/laravel/vendor/laravel/framework/src/Illuminate/Routing/Router.php(623): Illuminate\\Routing\\Router->runRoute(Object(Illuminate\\Http\\Request), Object(Illuminate\\Routing\\Route))
#28 /srv/www/htdocs/union/api/laravel/vendor/laravel/framework/src/Illuminate/Routing/Router.php(612): Illuminate\\Routing\\Router->dispatchToRoute(Object(Illuminate\\Http\\Request))
#29 /srv/www/htdocs/union/api/laravel/vendor/laravel/framework/src/Illuminate/Foundation/Http/Kernel.php(176): Illuminate\\Routing\\Router->dispatch(Object(Illuminate\\Http\\Request))
#30 /srv/www/htdocs/union/api/laravel/vendor/laravel/framework/src/Illuminate/Routing/Pipeline.php(30): Illuminate\\Foundation\\Http\\Kernel->Illuminate\\Foundation\\Http\\{closure}(Object(Illuminate\\Http\\Request))
#31 /srv/www/htdocs/union/api/laravel/vendor/fideloper/proxy/src/TrustProxies.php(57): Illuminate\\Routing\\Pipeline->Illuminate\\Routing\\{closure}(Object(Illuminate\\Http\\Request))
#32 /srv/www/htdocs/union/api/laravel/vendor/laravel/framework/src/Illuminate/Pipeline/Pipeline.php(163): Fideloper\\Proxy\\TrustProxies->handle(Object(Illuminate\\Http\\Request), Object(Closure))
#33 /srv/www/htdocs/union/api/laravel/vendor/laravel/framework/src/Illuminate/Routing/Pipeline.php(53): Illuminate\\Pipeline\\Pipeline->Illuminate\\Pipeline\\{closure}(Object(Illuminate\\Http\\Request))
#34 /srv/www/htdocs/union/api/laravel/vendor/laravel/framework/src/Illuminate/Foundation/Http/Middleware/TransformsRequest.php(21): Illuminate\\Routing\\Pipeline->Illuminate\\Routing\\{closure}(Object(Illuminate\\Http\\Request))
#35 /srv/www/htdocs/union/api/laravel/vendor/laravel/framework/src/Illuminate/Pipeline/Pipeline.php(163): Illuminate\\Foundation\\Http\\Middleware\\TransformsRequest->handle(Object(Illuminate\\Http\\Request), Object(Closure))
#36 /srv/www/htdocs/union/api/laravel/vendor/laravel/framework/src/Illuminate/Routing/Pipeline.php(53): Illuminate\\Pipeline\\Pipeline->Illuminate\\Pipeline\\{closure}(Object(Illuminate\\Http\\Request))
#37 /srv/www/htdocs/union/api/laravel/vendor/laravel/framework/src/Illuminate/Foundation/Http/Middleware/TransformsRequest.php(21): Illuminate\\Routing\\Pipeline->Illuminate\\Routing\\{closure}(Object(Illuminate\\Http\\Request))
#38 /srv/www/htdocs/union/api/laravel/vendor/laravel/framework/src/Illuminate/Pipeline/Pipeline.php(163): Illuminate\\Foundation\\Http\\Middleware\\TransformsRequest->handle(Object(Illuminate\\Http\\Request), Object(Closure))
#39 /srv/www/htdocs/union/api/laravel/vendor/laravel/framework/src/Illuminate/Routing/Pipeline.php(53): Illuminate\\Pipeline\\Pipeline->Illuminate\\Pipeline\\{closure}(Object(Illuminate\\Http\\Request))
#40 /srv/www/htdocs/union/api/laravel/vendor/laravel/framework/src/Illuminate/Foundation/Http/Middleware/ValidatePostSize.php(27): Illuminate\\Routing\\Pipeline->Illuminate\\Routing\\{closure}(Object(Illuminate\\Http\\Request))
#41 /srv/www/htdocs/union/api/laravel/vendor/laravel/framework/src/Illuminate/Pipeline/Pipeline.php(163): Illuminate\\Foundation\\Http\\Middleware\\ValidatePostSize->handle(Object(Illuminate\\Http\\Request), Object(Closure))
#42 /srv/www/htdocs/union/api/laravel/vendor/laravel/framework/src/Illuminate/Routing/Pipeline.php(53): Illuminate\\Pipeline\\Pipeline->Illuminate\\Pipeline\\{closure}(Object(Illuminate\\Http\\Request))
#43 /srv/www/htdocs/union/api/laravel/vendor/laravel/framework/src/Illuminate/Foundation/Http/Middleware/CheckForMaintenanceMode.php(62): Illuminate\\Routing\\Pipeline->Illuminate\\Routing\\{closure}(Object(Illuminate\\Http\\Request))
#44 /srv/www/htdocs/union/api/laravel/vendor/laravel/framework/src/Illuminate/Pipeline/Pipeline.php(163): Illuminate\\Foundation\\Http\\Middleware\\CheckForMaintenanceMode->handle(Object(Illuminate\\Http\\Request), Object(Closure))
#45 /srv/www/htdocs/union/api/laravel/vendor/laravel/framework/src/Illuminate/Routing/Pipeline.php(53): Illuminate\\Pipeline\\Pipeline->Illuminate\\Pipeline\\{closure}(Object(Illuminate\\Http\\Request))
#46 /srv/www/htdocs/union/api/laravel/vendor/laravel/framework/src/Illuminate/Pipeline/Pipeline.php(104): Illuminate\\Routing\\Pipeline->Illuminate\\Routing\\{closure}(Object(Illuminate\\Http\\Request))
#47 /srv/www/htdocs/union/api/laravel/vendor/laravel/framework/src/Illuminate/Foundation/Http/Kernel.php(151): Illuminate\\Pipeline\\Pipeline->then(Object(Closure))
#48 /srv/www/htdocs/union/api/laravel/vendor/laravel/framework/src/Illuminate/Foundation/Http/Kernel.php(116): Illuminate\\Foundation\\Http\\Kernel->sendRequestThroughRouter(Object(Illuminate\\Http\\Request))
#49 /srv/www/htdocs/union/api/index.php(55): Illuminate\\Foundation\\Http\\Kernel->handle(Object(Illuminate\\Http\\Request))
#50 {main}
"} 
